<?xml version="1.0" encoding="UTF-8"?>
<!-- Generated by org.testng.reporters.JUnitReportReporter -->
<testsuite hostname="DESKTOP-TRF2919" failures="0" tests="1" name="aSathyaTestCases.SamsungTv3Test" time="66.942" errors="0" timestamp="2020-04-23T12:09:09 IST" skipped="0">
  <testcase classname="aSathyaTestCases.SamsungTv3Test" name="writeTv3Data" time="66.942"/>
  <system-out/>
</testsuite> <!-- aSathyaTestCases.SamsungTv3Test -->
