<?xml version="1.0" encoding="UTF-8"?>
<!-- Generated by org.testng.reporters.JUnitReportReporter -->
<testsuite hostname="DESKTOP-TRF2919" failures="0" tests="2" name="aSathyaTestCases.SamsungTv4Test" time="155.990" errors="0" timestamp="2020-04-23T12:09:09 IST" skipped="0">
  <testcase classname="aSathyaTestCases.SamsungTv4Test" name="writeTv4Data" time="71.599"/>
  <system-out/>
  <testcase classname="aSathyaTestCases.SamsungTv4Test" name="entry" time="84.391"/>
  <system-out/>
</testsuite> <!-- aSathyaTestCases.SamsungTv4Test -->
