<?xml version="1.0" encoding="UTF-8"?>
<!-- Generated by org.testng.reporters.JUnitReportReporter -->
<testsuite hostname="DESKTOP-TRF2919" failures="0" tests="1" name="aSathyaTestCases.SamsungTv2Test" time="75.210" errors="0" timestamp="2020-04-23T12:09:09 IST" skipped="0">
  <testcase classname="aSathyaTestCases.SamsungTv2Test" name="writeTv2Data" time="75.210"/>
  <system-out/>
</testsuite> <!-- aSathyaTestCases.SamsungTv2Test -->
