<?xml version="1.0" encoding="UTF-8"?>
<!-- Generated by org.testng.reporters.JUnitReportReporter -->
<testsuite hostname="DESKTOP-TRF2919" failures="0" tests="1" name="aSathyaTestCases.SamsungTv1Test" time="144.768" errors="0" timestamp="2020-04-23T12:09:09 IST" skipped="0">
  <testcase classname="aSathyaTestCases.SamsungTv1Test" name="writeTv1Data" time="144.768"/>
  <system-out/>
</testsuite> <!-- aSathyaTestCases.SamsungTv1Test -->
