<?xml version="1.0" encoding="UTF-8"?>
<!-- Generated by org.testng.reporters.JUnitReportReporter -->
<testsuite hostname="DESKTOP-TRF2919" failures="0" tests="1" name="aSathyaTestCases.SamsungTv3Test" time="84.968" errors="0" timestamp="2020-04-19T11:17:42 IST" skipped="0">
  <testcase classname="aSathyaTestCases.SamsungTv3Test" name="writeTv3Data" time="84.968"/>
  <system-out/>
</testsuite> <!-- aSathyaTestCases.SamsungTv3Test -->
