<?xml version="1.0" encoding="UTF-8"?>
<!-- Generated by org.testng.reporters.JUnitReportReporter -->
<testsuite hostname="DESKTOP-TRF2919" failures="0" tests="1" name="aSathyaTestCases.SamsungTv4Test" time="73.470" errors="0" timestamp="2020-04-19T11:17:42 IST" skipped="0">
  <testcase classname="aSathyaTestCases.SamsungTv4Test" name="writeTv4Data" time="73.470"/>
  <system-out/>
</testsuite> <!-- aSathyaTestCases.SamsungTv4Test -->
