<?xml version="1.0" encoding="UTF-8"?>
<!-- Generated by org.testng.reporters.JUnitReportReporter -->
<testsuite hostname="DESKTOP-TRF2919" failures="0" tests="2" name="aSathyaTestCases.SamsungTvTest3" time="130.069" errors="0" timestamp="2020-04-08T00:57:15 IST" skipped="0">
  <testcase classname="aSathyaTestCases.SamsungTvTest3" name="validateSamsungTvTitleTest" time="64.909"/>
  <system-out/>
  <testcase classname="aSathyaTestCases.SamsungTvTest3" name="fetch" time="65.160"/>
  <system-out/>
</testsuite> <!-- aSathyaTestCases.SamsungTvTest3 -->
