<?xml version="1.0" encoding="UTF-8"?>
<!-- Generated by org.testng.reporters.JUnitReportReporter -->
<testsuite hostname="DESKTOP-TRF2919" failures="0" tests="2" name="aSathyaTestCases.TelevisionPageTest" time="112.910" errors="0" timestamp="2020-04-13T20:05:23 IST" skipped="0">
  <testcase classname="aSathyaTestCases.TelevisionPageTest" name="validateTelevisionPageTest" time="47.482"/>
  <system-out/>
  <testcase classname="aSathyaTestCases.TelevisionPageTest" name="clickUltraHDTvTest" time="65.428"/>
  <system-out/>
</testsuite> <!-- aSathyaTestCases.TelevisionPageTest -->
