<?xml version="1.0" encoding="UTF-8"?>
<!-- Generated by org.testng.reporters.JUnitReportReporter -->
<testsuite hostname="DESKTOP-TRF2919" failures="0" tests="1" name="aSathyaTestCases.SamsungTv2Test" time="102.056" errors="0" timestamp="2020-04-19T11:17:42 IST" skipped="0">
  <testcase classname="aSathyaTestCases.SamsungTv2Test" name="writeTv2Data" time="102.056"/>
  <system-out/>
</testsuite> <!-- aSathyaTestCases.SamsungTv2Test -->
