<?xml version="1.0" encoding="UTF-8"?>
<!-- Generated by org.testng.reporters.JUnitReportReporter -->
<testsuite hostname="DESKTOP-TRF2919" failures="0" tests="2" name="aSathyaTestCases.LoginPageTest" time="101.042" errors="0" timestamp="2020-04-13T20:05:23 IST" skipped="0">
  <testcase classname="aSathyaTestCases.LoginPageTest" name="loginpagetitleTest" time="46.056"/>
  <system-out/>
  <testcase classname="aSathyaTestCases.LoginPageTest" name="loginTest" time="54.986"/>
  <system-out/>
</testsuite> <!-- aSathyaTestCases.LoginPageTest -->
