<?xml version="1.0" encoding="UTF-8"?>
<!-- Generated by org.testng.reporters.JUnitReportReporter -->
<testsuite hostname="DESKTOP-TRF2919" failures="0" tests="5" name="aSathyaTestCases.UltraHDTvTest" time="529.024" errors="0" timestamp="2020-04-13T20:05:23 IST" skipped="0">
  <testcase classname="aSathyaTestCases.UltraHDTvTest" name="validateUltraHDPageTest" time="92.759"/>
  <system-out/>
  <testcase classname="aSathyaTestCases.UltraHDTvTest" name="clickSamsungTv1Test" time="85.224"/>
  <system-out/>
  <testcase classname="aSathyaTestCases.UltraHDTvTest" name="clickSamsungTv2Test" time="104.402"/>
  <system-out/>
  <testcase classname="aSathyaTestCases.UltraHDTvTest" name="clickSamsungTv3Test" time="131.083"/>
  <system-out/>
  <testcase classname="aSathyaTestCases.UltraHDTvTest" name="clickSamsungTv4Test" time="115.556"/>
  <system-out/>
</testsuite> <!-- aSathyaTestCases.UltraHDTvTest -->
