<?xml version="1.0" encoding="UTF-8"?>
<!-- Generated by org.testng.reporters.JUnitReportReporter -->
<testsuite hostname="DESKTOP-TRF2919" failures="0" tests="2" name="aSathyaTestCases.HomePageTest" time="105.734" errors="0" timestamp="2020-04-13T20:05:23 IST" skipped="0">
  <testcase classname="aSathyaTestCases.HomePageTest" name="validateHomePageTest" time="34.874"/>
  <system-out/>
  <testcase classname="aSathyaTestCases.HomePageTest" name="televisionPageTest" time="70.860"/>
  <system-out/>
</testsuite> <!-- aSathyaTestCases.HomePageTest -->
